SF:lib/core/network/network_info.dart
DA:10,1
DA:14,1
DA:15,2
LF:3
LH:3
end_of_record
SF:lib/core/error/exceptions.dart
DA:4,1
DA:10,2
LF:2
LH:2
end_of_record
SF:lib/features/number_trivia/data/datasources/number_trivia_local_data_source.dart
DA:24,1
DA:26,1
DA:28,2
DA:31,3
DA:33,1
DA:37,1
DA:39,2
DA:41,2
LF:8
LH:8
end_of_record
SF:lib/features/number_trivia/data/models/number_trivia_model.dart
DA:4,5
DA:5,2
DA:7,2
DA:8,2
DA:9,2
DA:10,4
DA:14,2
DA:15,2
DA:16,2
DA:17,2
LF:10
LH:10
end_of_record
SF:lib/features/number_trivia/domain/entities/number_trivia.dart
DA:7,7
DA:12,2
DA:13,6
LF:3
LH:3
end_of_record
SF:lib/features/number_trivia/domain/usecases/get_concrete_number_trivia.dart
DA:11,1
DA:13,1
DA:15,3
DA:22,1
DA:24,0
DA:25,0
LF:6
LH:4
end_of_record
SF:lib/core/error/failures.dart
DA:4,4
DA:11,4
DA:13,0
DA:14,0
DA:20,4
DA:22,0
DA:23,0
LF:7
LH:3
end_of_record
SF:lib/core/usecases/usecase.dart
DA:10,0
DA:11,0
LF:2
LH:0
end_of_record
SF:lib/features/number_trivia/data/repositories/number_trivia_repository_impl.dart
DA:18,1
DA:24,1
DA:26,2
DA:27,2
DA:31,1
DA:33,2
DA:34,2
DA:38,1
DA:41,2
DA:43,1
DA:45,2
DA:47,1
DA:48,1
DA:53,2
DA:55,1
DA:56,1
LF:16
LH:16
end_of_record
SF:lib/features/number_trivia/domain/usecases/get_random_number_trivia.dart
DA:10,1
DA:12,1
DA:14,2
LF:3
LH:3
end_of_record
